<?xml version="1.0" encoding="UTF-8"?>
<!-- Generated by org.testng.reporters.JUnitXMLReporter -->
<testsuite hostname="NEW375-G6" ignored="2" name="Test Basics 1" tests="1" failures="1" timestamp="23 Sep 2021 14:59:37 GMT" time="9.478" errors="0">
  <testcase name="LaunchBrowser" time="8.653" classname="com.qa.test.Launch">
    <failure type="org.openqa.selenium.ElementClickInterceptedException" message="element click intercepted: Element &amp;lt;div class=&amp;quot;_10UF8M&amp;quot;&amp;gt;...&amp;lt;/div&amp;gt; is not clickable at point (730, 25). Other element would receive the click: &amp;lt;path class=&amp;quot;_34RNph&amp;quot; d=&amp;quot;m6.486 10.901c-2.42 0-4.381-1.956-4.381-4.368 0-2.413 1.961-4.369 4.381-4.369 2.42 0 4.381 1.956 4.381 4.369 0 2.413-1.961 4.368-4.381 4.368m0-10.835c-3.582 0-6.486 2.895-6.486 6.467 0 3.572 2.904 6.467 6.486 6.467 3.582 0 6.486-2.895 6.486-6.467 0-3.572-2.904-6.467-6.486-6.467&amp;quot;&amp;gt;&amp;lt;/path&amp;gt;
  (Session info: chrome=94.0.4606.54)
Build info: version: &amp;apos;3.141.59&amp;apos;, revision: &amp;apos;e82be7d358&amp;apos;, time: &amp;apos;2018-11-14T08:17:03&amp;apos;
System info: host: &amp;apos;NEW375-G6&amp;apos;, ip: &amp;apos;192.168.99.1&amp;apos;, os.name: &amp;apos;Windows 10&amp;apos;, os.arch: &amp;apos;amd64&amp;apos;, os.version: &amp;apos;10.0&amp;apos;, java.version: &amp;apos;1.8.0_261&amp;apos;
Driver info: org.openqa.selenium.chrome.ChromeDriver
Capabilities {acceptInsecureCerts: false, browserName: chrome, browserVersion: 94.0.4606.54, chrome: {chromedriverVersion: 94.0.4606.41 (333e85df3c9b6..., userDataDir: C:\Users\aagrawal\AppData\L...}, goog:chromeOptions: {debuggerAddress: localhost:57909}, javascriptEnabled: true, networkConnectionEnabled: false, pageLoadStrategy: normal, platform: WINDOWS, platformName: WINDOWS, proxy: Proxy(), setWindowRect: true, strictFileInteractability: false, timeouts: {implicit: 0, pageLoad: 300000, script: 30000}, unhandledPromptBehavior: dismiss and notify, webauthn:extension:credBlob: true, webauthn:extension:largeBlob: true, webauthn:virtualAuthenticators: true}
Session ID: b0b56d7a080de1dcbf14cd74dc58e532">
      <![CDATA[org.openqa.selenium.ElementClickInterceptedException: element click intercepted: Element <div class="_10UF8M">...</div> is not clickable at point (730, 25). Other element would receive the click: <path class="_34RNph" d="m6.486 10.901c-2.42 0-4.381-1.956-4.381-4.368 0-2.413 1.961-4.369 4.381-4.369 2.42 0 4.381 1.956 4.381 4.369 0 2.413-1.961 4.368-4.381 4.368m0-10.835c-3.582 0-6.486 2.895-6.486 6.467 0 3.572 2.904 6.467 6.486 6.467 3.582 0 6.486-2.895 6.486-6.467 0-3.572-2.904-6.467-6.486-6.467"></path>
  (Session info: chrome=94.0.4606.54)
Build info: version: '3.141.59', revision: 'e82be7d358', time: '2018-11-14T08:17:03'
System info: host: 'NEW375-G6', ip: '192.168.99.1', os.name: 'Windows 10', os.arch: 'amd64', os.version: '10.0', java.version: '1.8.0_261'
Driver info: org.openqa.selenium.chrome.ChromeDriver
Capabilities {acceptInsecureCerts: false, browserName: chrome, browserVersion: 94.0.4606.54, chrome: {chromedriverVersion: 94.0.4606.41 (333e85df3c9b6..., userDataDir: C:\Users\aagrawal\AppData\L...}, goog:chromeOptions: {debuggerAddress: localhost:57909}, javascriptEnabled: true, networkConnectionEnabled: false, pageLoadStrategy: normal, platform: WINDOWS, platformName: WINDOWS, proxy: Proxy(), setWindowRect: true, strictFileInteractability: false, timeouts: {implicit: 0, pageLoad: 300000, script: 30000}, unhandledPromptBehavior: dismiss and notify, webauthn:extension:credBlob: true, webauthn:extension:largeBlob: true, webauthn:virtualAuthenticators: true}
Session ID: b0b56d7a080de1dcbf14cd74dc58e532
at org.openqa.selenium.remote.http.W3CHttpResponseCodec.createException(W3CHttpResponseCodec.java:187)
at org.openqa.selenium.remote.http.W3CHttpResponseCodec.decode(W3CHttpResponseCodec.java:122)
at org.openqa.selenium.remote.http.W3CHttpResponseCodec.decode(W3CHttpResponseCodec.java:49)
at org.openqa.selenium.remote.HttpCommandExecutor.execute(HttpCommandExecutor.java:158)
at org.openqa.selenium.remote.service.DriverCommandExecutor.execute(DriverCommandExecutor.java:83)
at org.openqa.selenium.remote.RemoteWebDriver.execute(RemoteWebDriver.java:552)
at org.openqa.selenium.remote.RemoteWebElement.execute(RemoteWebElement.java:285)
at org.openqa.selenium.remote.RemoteWebElement.click(RemoteWebElement.java:84)
at com.qa.test.Launch.LaunchBrowser(Launch.java:33)
... Removed 38 stack frames]]>
    </failure>
  </testcase> <!-- LaunchBrowser -->
  <testcase name="@AfterTest close" time="0.0" classname="com.qa.test.DemoTest">
    <ignored/>
  </testcase> <!-- @AfterTest close -->
  <testcase name="@BeforeSuite intilaise" time="0.0" classname="com.qa.test.DemoTest">
    <ignored/>
  </testcase> <!-- @BeforeSuite intilaise -->
</testsuite> <!-- Test Basics 1 -->
